<?xml version="1.0" encoding="UTF-8"?>
<!-- Generated by org.testng.reporters.JUnitReportReporter -->
<testsuite skipped="0" hostname="ankit-Linux" name="TestNG.DemoTestNG" tests="1" failures="0" timestamp="2019-11-15T15:56:53 IST" time="4.880" errors="0">
  <testcase name="f" time="4.880" classname="TestNG.DemoTestNG"/>
</testsuite> <!-- TestNG.DemoTestNG -->
